<?xml version="1.0" encoding="UTF-8"?>
<!-- Generated by org.testng.reporters.JUnitReportReporter -->
<testsuite hostname="LIN-114PBK3" failures="0" tests="1" name="ExtentReports.ExtentReportDemo" time="2.501" errors="0" timestamp="2024-03-21T01:14:33 IST" skipped="0">
  <testcase classname="ExtentReports.ExtentReportDemo" name="initialDemo" time="2.501"/>
</testsuite> <!-- ExtentReports.ExtentReportDemo -->
