<?xml version="1.0" encoding="UTF-8"?>
<!-- Generated by org.testng.reporters.JUnitReportReporter -->
<testsuite hostname="LIN-114PBK3" failures="0" tests="3" name="Selenium.SubmitOrder" time="22.270" errors="0" timestamp="2024-03-21T19:47:21 IST" skipped="0">
  <testcase classname="Selenium.SubmitOrder" name="SubmitOrderTest" time="12.516"/>
  <testcase classname="Selenium.SubmitOrder" name="OrderHistory" time="4.406"/>
  <testcase classname="Selenium.SubmitOrder" name="SignOut" time="5.348"/>
</testsuite> <!-- Selenium.SubmitOrder -->
