<?xml version="1.0" encoding="UTF-8"?>
<!-- Generated by org.testng.reporters.JUnitReportReporter -->
<testsuite hostname="LIN-114PBK3" failures="0" tests="1" name="Selenium.StandAloneTest" time="15.875" errors="0" timestamp="2024-03-20T01:42:44 IST" skipped="0">
  <testcase classname="Selenium.StandAloneTest" name="StandAlone" time="15.875"/>
</testsuite> <!-- Selenium.StandAloneTest -->
